2026-04-07 01:03:24,804 [INFO] Activator:176 - 


2026-04-07 01:03:24,807 [INFO] Activator:177 - !SESSION log4j initialized
2026-04-07 01:03:27,949 [INFO] LogOutputStream:77 - [STDOUT_REDIRECT] 
2026-04-07 01:03:30,303 [INFO] ApplicationProperties:184 - Using Application install path: C:\ST\STM32CubeIDE_1.19.0\STM32CubeIDE\plugins\com.st.stm32cube.common.mx_6.15.0.202507011659
2026-04-07 01:03:30,324 [INFO] DbMcusXml:78 - Set database path to: C:\ST\STM32CubeIDE_1.19.0\STM32CubeIDE\plugins\com.st.stm32cube.common.mx_6.15.0.202507011659\\db\/mcu/
2026-04-07 01:03:30,324 [INFO] ApiDb:274 - Set plugin database path to: C:\ST\STM32CubeIDE_1.19.0\STM32CubeIDE\plugins\com.st.stm32cube.common.mx_6.15.0.202507011659\\db\/plugins/boardmanager/
2026-04-07 01:03:30,326 [WARN] ApiDb:259 - Overriding images path with different value:  => C:\ST\STM32CubeIDE_1.19.0\STM32CubeIDE\plugins\com.st.stm32cube.common.mx_6.15.0.202507011659\\db\/plugins/mcufinder/images/
2026-04-07 01:03:30,336 [INFO] ApiDb:250 - Set database path to: C:\Users\lucas\.stmcufinder\plugins\mcufinder//mcu/
2026-04-07 01:03:30,338 [INFO] DbMcusAds:125 - Set database path to: C:\Users\lucas\.stmcufinder\plugins\mcufinder//mcu/
2026-04-07 01:03:30,341 [INFO] CrossReferenceDbSqlite:203 - Set database path to: C:\Users\lucas\.stmcufinder\plugins\mcufinder//mcu/cs/
2026-04-07 01:03:30,454 [INFO] RulesReader:64 - Compatibility file has been processed (317 Rules)
2026-04-07 01:03:30,564 [INFO] DbMcusXml:78 - Set database path to: C:\ST\STM32CubeIDE_1.19.0\STM32CubeIDE\plugins\com.st.stm32cube.common.mx_6.15.0.202507011659\\db\/mcu/
2026-04-07 01:03:30,564 [INFO] ApiDb:274 - Set plugin database path to: C:\ST\STM32CubeIDE_1.19.0\STM32CubeIDE\plugins\com.st.stm32cube.common.mx_6.15.0.202507011659\\db\/plugins/boardmanager/
2026-04-07 01:03:30,565 [INFO] ApiDb:261 - Set plugin images path to: C:\ST\STM32CubeIDE_1.19.0\STM32CubeIDE\plugins\com.st.stm32cube.common.mx_6.15.0.202507011659\\db\/plugins/mcufinder/images/
2026-04-07 01:03:30,565 [WARN] DbFile:41 - Overriding database path with different value: C:\Users\lucas\.stmcufinder\plugins\mcufinder/ => C:\Users\lucas\.stmcufinder\plugins\mcufinder
2026-04-07 01:03:30,565 [INFO] ApiDb:250 - Set database path to: C:\Users\lucas\.stmcufinder\plugins\mcufinder//mcu/
2026-04-07 01:03:30,565 [WARN] DbFile:41 - Overriding database path with different value: C:\Users\lucas\.stmcufinder\plugins\mcufinder/ => C:\Users\lucas\.stmcufinder\plugins\mcufinder
2026-04-07 01:03:30,565 [INFO] DbMcusAds:125 - Set database path to: C:\Users\lucas\.stmcufinder\plugins\mcufinder//mcu/
2026-04-07 01:03:30,565 [WARN] DbFile:41 - Overriding database path with different value: C:\Users\lucas\.stmcufinder\plugins\mcufinder/ => C:\Users\lucas\.stmcufinder\plugins\mcufinder
2026-04-07 01:03:30,565 [WARN] DbFile:41 - Overriding database path with different value: C:\Users\lucas\.stmcufinder\plugins\mcufinder/ => C:\Users\lucas\.stmcufinder\plugins\mcufinder
2026-04-07 01:03:30,565 [INFO] CrossReferenceDbSqlite:203 - Set database path to: C:\Users\lucas\.stmcufinder\plugins\mcufinder//mcu/cs/
2026-04-07 01:03:30,663 [INFO] MainPanel:274 - HeapMemory: 268435456
2026-04-07 01:03:30,827 [INFO] DbMcusXml:78 - Set database path to: C:\ST\STM32CubeIDE_1.19.0\STM32CubeIDE\plugins\com.st.stm32cube.common.mx_6.15.0.202507011659\\db\/mcu/
2026-04-07 01:03:30,827 [INFO] ApiDb:274 - Set plugin database path to: C:\ST\STM32CubeIDE_1.19.0\STM32CubeIDE\plugins\com.st.stm32cube.common.mx_6.15.0.202507011659\\db\/plugins/boardmanager/
2026-04-07 01:03:30,827 [INFO] ApiDb:261 - Set plugin images path to: C:\ST\STM32CubeIDE_1.19.0\STM32CubeIDE\plugins\com.st.stm32cube.common.mx_6.15.0.202507011659\\db\/plugins/mcufinder/images/
2026-04-07 01:03:30,828 [WARN] DbFile:41 - Overriding database path with different value: C:\Users\lucas\.stmcufinder\plugins\mcufinder/ => C:\Users\lucas\.stmcufinder\plugins\mcufinder
2026-04-07 01:03:30,828 [INFO] ApiDb:250 - Set database path to: C:\Users\lucas\.stmcufinder\plugins\mcufinder//mcu/
2026-04-07 01:03:30,828 [WARN] DbFile:41 - Overriding database path with different value: C:\Users\lucas\.stmcufinder\plugins\mcufinder/ => C:\Users\lucas\.stmcufinder\plugins\mcufinder
2026-04-07 01:03:30,829 [INFO] DbMcusAds:125 - Set database path to: C:\Users\lucas\.stmcufinder\plugins\mcufinder//mcu/
2026-04-07 01:03:30,829 [WARN] DbFile:41 - Overriding database path with different value: C:\Users\lucas\.stmcufinder\plugins\mcufinder/ => C:\Users\lucas\.stmcufinder\plugins\mcufinder
2026-04-07 01:03:30,829 [WARN] DbFile:41 - Overriding database path with different value: C:\Users\lucas\.stmcufinder\plugins\mcufinder/ => C:\Users\lucas\.stmcufinder\plugins\mcufinder
2026-04-07 01:03:30,829 [INFO] CrossReferenceDbSqlite:203 - Set database path to: C:\Users\lucas\.stmcufinder\plugins\mcufinder//mcu/cs/
2026-04-07 01:03:30,852 [INFO] ApplicationProperties:184 - Using Application install path: C:\ST\STM32CubeIDE_1.19.0\STM32CubeIDE\plugins\com.st.stm32cube.common.mx_6.15.0.202507011659
2026-04-07 01:03:30,853 [INFO] PluginManage:196 - Search for loadable plugins [exclusion list=, ]
2026-04-07 01:03:30,855 [INFO] PluginManage:310 - Check plugin analytics
2026-04-07 01:03:31,122 [INFO] AnalyticsPlugin:253 - Accepted Software Licenses: 
2026-04-07 01:03:31,123 [INFO] AnalyticsPlugin:255 - Accepted CMSIS Pack Licenses: 
2026-04-07 01:03:31,123 [INFO] AnalyticsPlugin:257 - Accepted Firmware Licenses: FW.F4.1.28.0
2026-04-07 01:03:31,127 [INFO] PluginManage:359 - Loaded plugin analytics (category:tool,tabindex:-1)
2026-04-07 01:03:31,128 [INFO] PluginManage:310 - Check plugin cadmodel
2026-04-07 01:03:31,136 [INFO] CADModel:105 - Init CAD model plugin
2026-04-07 01:03:31,136 [INFO] PluginManage:359 - Loaded plugin cadmodel (category:power,tabindex:5)
2026-04-07 01:03:31,136 [INFO] PluginManage:310 - Check plugin clock
2026-04-07 01:03:31,151 [INFO] PluginManage:359 - Loaded plugin clock (category:base,tabindex:2)
2026-04-07 01:03:31,152 [INFO] PluginManage:310 - Check plugin ddr
2026-04-07 01:03:31,156 [INFO] PluginManage:359 - Loaded plugin ddr (category:tool,tabindex:6)
2026-04-07 01:03:31,156 [INFO] PluginManage:310 - Check plugin filemanager
2026-04-07 01:03:31,334 [INFO] PluginManage:359 - Loaded plugin filemanager (category:base,tabindex:10)
2026-04-07 01:03:31,335 [INFO] PluginManage:310 - Check plugin ipmanager
2026-04-07 01:03:31,343 [INFO] PluginManage:359 - Loaded plugin ipmanager (category:base,tabindex:5)
2026-04-07 01:03:31,344 [INFO] PluginManage:310 - Check plugin lpbam
2026-04-07 01:03:31,353 [INFO] PluginManage:359 - Loaded plugin lpbam (category:base,tabindex:0)
2026-04-07 01:03:31,354 [INFO] PluginManage:310 - Check plugin memorymap
2026-04-07 01:03:31,371 [INFO] PluginManage:359 - Loaded plugin memorymap (category:base,tabindex:4)
2026-04-07 01:03:31,371 [INFO] PluginManage:310 - Check plugin pinoutandconfiguration
2026-04-07 01:03:31,385 [INFO] PluginManage:359 - Loaded plugin pinoutandconfiguration (category:base,tabindex:1)
2026-04-07 01:03:31,385 [INFO] PluginManage:310 - Check plugin pinoutconfig
2026-04-07 01:03:31,503 [WARN] SupportedApi:132 - Cannot load RTOS API schema: s4s-elt-must-match.1: The content of 'definitions' must match (annotation?, (simpleType | complexType)?, (unique | key | keyref)*)). A problem was found starting at: attribute.
2026-04-07 01:03:31,664 [INFO] PluginManage:359 - Loaded plugin pinoutconfig (category:base,tabindex:0)
2026-04-07 01:03:31,664 [INFO] PluginManage:310 - Check plugin power
2026-04-07 01:03:31,673 [INFO] PluginManage:359 - Loaded plugin power (category:power,tabindex:4)
2026-04-07 01:03:31,674 [INFO] PluginManage:310 - Check plugin projectmanager
2026-04-07 01:03:31,693 [INFO] PluginManage:359 - Loaded plugin projectmanager (category:projectmanager,tabindex:4)
2026-04-07 01:03:31,693 [INFO] PluginManage:310 - Check plugin rif
2026-04-07 01:03:31,703 [INFO] PluginManage:359 - Loaded plugin rif (category:base,tabindex:3)
2026-04-07 01:03:31,703 [INFO] PluginManage:310 - Check plugin thirdparty
2026-04-07 01:03:31,893 [INFO] PluginManage:359 - Loaded plugin thirdparty (category:base,tabindex:-1)
2026-04-07 01:03:31,893 [WARN] IntegrityCheckThread:84 - waiting for thirdparty lock release [integrity check]
2026-04-07 01:03:31,893 [INFO] IntegrityCheckThread:86 - entering critical section [integrity check]
2026-04-07 01:03:31,893 [INFO] PluginManage:310 - Check plugin tools
2026-04-07 01:03:31,894 [INFO] ThirdPartyUpdaterWithRetryManager:70 - Updater plugin not ready yet. [1/15]
2026-04-07 01:03:31,899 [INFO] PluginManage:359 - Loaded plugin tools (category:base,tabindex:7)
2026-04-07 01:03:31,899 [INFO] PluginManage:310 - Check plugin tutovideos
2026-04-07 01:03:32,165 [INFO] PluginManage:359 - Loaded plugin tutovideos (category:base,tabindex:-1)
2026-04-07 01:03:32,166 [INFO] PluginManage:310 - Check plugin updater
2026-04-07 01:03:32,194 [INFO] PluginManage:359 - Loaded plugin updater (category:base,tabindex:12)
2026-04-07 01:03:32,194 [INFO] PluginManage:310 - Check plugin userauth
2026-04-07 01:03:32,200 [INFO] UserAuth:118 - Init User Auth plugin
2026-04-07 01:03:32,202 [INFO] PluginManage:359 - Loaded plugin userauth (category:base,tabindex:14)
2026-04-07 01:03:32,203 [INFO] PluginManage:283 - PluginManage : Loaded plugins [18]
2026-04-07 01:03:32,488 [INFO] PinOutPanel:1589 - setPackage(No Configuration,No Configuration)
2026-04-07 01:03:32,597 [INFO] CADModel:165 - CPN selected for project level
2026-04-07 01:03:32,597 [INFO] CADModel:114 - Register for checkConnection events
2026-04-07 01:03:32,623 [INFO] IPUIPlugin:80 - create IPUIPlugin
2026-04-07 01:03:32,623 [INFO] PluginManager:220 - loadIPPluginJar : add adc
2026-04-07 01:03:32,628 [INFO] IPUIPlugin:80 - create IPUIPlugin
2026-04-07 01:03:32,628 [INFO] PluginManager:220 - loadIPPluginJar : add aes
2026-04-07 01:03:32,634 [INFO] IPUIPlugin:80 - create IPUIPlugin
2026-04-07 01:03:32,634 [INFO] PluginManager:220 - loadIPPluginJar : add can
2026-04-07 01:03:32,637 [INFO] IPUIPlugin:80 - create IPUIPlugin
2026-04-07 01:03:32,637 [INFO] PluginManager:220 - loadIPPluginJar : add comp
2026-04-07 01:03:32,641 [INFO] IPUIPlugin:80 - create IPUIPlugin
2026-04-07 01:03:32,641 [INFO] PluginManager:220 - loadIPPluginJar : add cryp
2026-04-07 01:03:32,645 [INFO] IPUIPlugin:80 - create IPUIPlugin
2026-04-07 01:03:32,646 [INFO] PluginManager:220 - loadIPPluginJar : add ddr_ctrl_phy
2026-04-07 01:03:32,649 [INFO] IPUIPlugin:80 - create IPUIPlugin
2026-04-07 01:03:32,650 [INFO] PluginManager:220 - loadIPPluginJar : add dfsdm
2026-04-07 01:03:32,657 [INFO] IPUIPlugin:80 - create IPUIPlugin
2026-04-07 01:03:32,658 [INFO] PluginManager:220 - loadIPPluginJar : add dma
2026-04-07 01:03:32,663 [INFO] IPUIPlugin:80 - create IPUIPlugin
2026-04-07 01:03:32,664 [INFO] PluginManager:220 - loadIPPluginJar : add dma3
2026-04-07 01:03:32,669 [INFO] IPUIPlugin:80 - create IPUIPlugin
2026-04-07 01:03:32,669 [INFO] PluginManager:220 - loadIPPluginJar : add extmemmanager
2026-04-07 01:03:32,672 [INFO] IPUIPlugin:80 - create IPUIPlugin
2026-04-07 01:03:32,673 [INFO] PluginManager:220 - loadIPPluginJar : add fatfs
2026-04-07 01:03:32,680 [INFO] IPUIPlugin:80 - create IPUIPlugin
2026-04-07 01:03:32,681 [INFO] PluginManager:220 - loadIPPluginJar : add fmc
2026-04-07 01:03:32,691 [INFO] IPUIPlugin:80 - create IPUIPlugin
2026-04-07 01:03:32,691 [INFO] PluginManager:220 - loadIPPluginJar : add freertos
2026-04-07 01:03:32,694 [INFO] IPUIPlugin:80 - create IPUIPlugin
2026-04-07 01:03:32,694 [INFO] PluginManager:220 - loadIPPluginJar : add genericplugin
2026-04-07 01:03:32,698 [INFO] IPUIPlugin:80 - create IPUIPlugin
2026-04-07 01:03:32,698 [INFO] PluginManager:220 - loadIPPluginJar : add gfxmmu
2026-04-07 01:03:32,705 [INFO] IPUIPlugin:80 - create IPUIPlugin
2026-04-07 01:03:32,706 [INFO] PluginManager:220 - loadIPPluginJar : add gic
2026-04-07 01:03:32,712 [INFO] IPUIPlugin:80 - create IPUIPlugin
2026-04-07 01:03:32,713 [INFO] PluginManager:220 - loadIPPluginJar : add gpio
2026-04-07 01:03:32,717 [INFO] IPUIPlugin:80 - create IPUIPlugin
2026-04-07 01:03:32,717 [INFO] PluginManager:220 - loadIPPluginJar : add gtzc
2026-04-07 01:03:32,722 [INFO] IPUIPlugin:80 - create IPUIPlugin
2026-04-07 01:03:32,722 [INFO] PluginManager:220 - loadIPPluginJar : add hash
2026-04-07 01:03:32,726 [INFO] IPUIPlugin:80 - create IPUIPlugin
2026-04-07 01:03:32,727 [INFO] PluginManager:220 - loadIPPluginJar : add i2c
2026-04-07 01:03:32,731 [INFO] IPUIPlugin:80 - create IPUIPlugin
2026-04-07 01:03:32,731 [INFO] PluginManager:220 - loadIPPluginJar : add i2s
2026-04-07 01:03:32,735 [INFO] IPUIPlugin:80 - create IPUIPlugin
2026-04-07 01:03:32,735 [INFO] PluginManager:220 - loadIPPluginJar : add i3c
2026-04-07 01:03:32,740 [INFO] IPUIPlugin:80 - create IPUIPlugin
2026-04-07 01:03:32,740 [INFO] PluginManager:220 - loadIPPluginJar : add ipddr
2026-04-07 01:03:32,750 [INFO] IPUIPlugin:80 - create IPUIPlugin
2026-04-07 01:03:32,750 [INFO] PluginManager:220 - loadIPPluginJar : add linkedlist
2026-04-07 01:03:32,754 [INFO] IPUIPlugin:80 - create IPUIPlugin
2026-04-07 01:03:32,755 [INFO] PluginManager:220 - loadIPPluginJar : add lorawan
2026-04-07 01:03:32,758 [INFO] IPUIPlugin:80 - create IPUIPlugin
2026-04-07 01:03:32,758 [INFO] PluginManager:220 - loadIPPluginJar : add ltdc
2026-04-07 01:03:32,765 [INFO] IPUIPlugin:80 - create IPUIPlugin
2026-04-07 01:03:32,765 [INFO] PluginManager:220 - loadIPPluginJar : add mdma
2026-04-07 01:03:32,771 [INFO] IPUIPlugin:80 - create IPUIPlugin
2026-04-07 01:03:32,771 [INFO] PluginManager:220 - loadIPPluginJar : add nvic
2026-04-07 01:03:32,774 [INFO] IPUIPlugin:80 - create IPUIPlugin
2026-04-07 01:03:32,775 [INFO] PluginManager:220 - loadIPPluginJar : add opamp
2026-04-07 01:03:32,779 [INFO] IPUIPlugin:80 - create IPUIPlugin
2026-04-07 01:03:32,779 [INFO] PluginManager:220 - loadIPPluginJar : add openamp
2026-04-07 01:03:32,784 [INFO] IPUIPlugin:80 - create IPUIPlugin
2026-04-07 01:03:32,784 [INFO] PluginManager:220 - loadIPPluginJar : add pdm2pcm
2026-04-07 01:03:32,791 [INFO] IPUIPlugin:80 - create IPUIPlugin
2026-04-07 01:03:32,795 [INFO] PluginManager:220 - loadIPPluginJar : add plateformsettings
2026-04-07 01:03:32,797 [INFO] IPUIPlugin:80 - create IPUIPlugin
2026-04-07 01:03:32,797 [INFO] PluginManager:220 - loadIPPluginJar : add quadspi
2026-04-07 01:03:32,801 [INFO] IPUIPlugin:80 - create IPUIPlugin
2026-04-07 01:03:32,802 [INFO] PluginManager:220 - loadIPPluginJar : add radio
2026-04-07 01:03:32,808 [INFO] IPUIPlugin:80 - create IPUIPlugin
2026-04-07 01:03:32,808 [INFO] PluginManager:220 - loadIPPluginJar : add resmgrutility
2026-04-07 01:03:32,812 [INFO] IPUIPlugin:80 - create IPUIPlugin
2026-04-07 01:03:32,812 [INFO] PluginManager:220 - loadIPPluginJar : add sai
2026-04-07 01:03:32,816 [INFO] IPUIPlugin:80 - create IPUIPlugin
2026-04-07 01:03:32,817 [INFO] PluginManager:220 - loadIPPluginJar : add spi
2026-04-07 01:03:32,827 [INFO] IPUIPlugin:80 - create IPUIPlugin
2026-04-07 01:03:32,827 [INFO] PluginManager:220 - loadIPPluginJar : add stm32_wpan
2026-04-07 01:03:32,830 [INFO] IPUIPlugin:80 - create IPUIPlugin
2026-04-07 01:03:32,831 [INFO] PluginManager:220 - loadIPPluginJar : add tim
2026-04-07 01:03:32,837 [INFO] IPUIPlugin:80 - create IPUIPlugin
2026-04-07 01:03:32,838 [INFO] PluginManager:220 - loadIPPluginJar : add touchsensing
2026-04-07 01:03:32,841 [INFO] IPUIPlugin:80 - create IPUIPlugin
2026-04-07 01:03:32,841 [INFO] PluginManager:220 - loadIPPluginJar : add tracer_emb
2026-04-07 01:03:32,844 [INFO] IPUIPlugin:80 - create IPUIPlugin
2026-04-07 01:03:32,845 [INFO] PluginManager:220 - loadIPPluginJar : add ts
2026-04-07 01:03:32,848 [INFO] IPUIPlugin:80 - create IPUIPlugin
2026-04-07 01:03:32,848 [INFO] PluginManager:220 - loadIPPluginJar : add tsc
2026-04-07 01:03:32,851 [INFO] IPUIPlugin:80 - create IPUIPlugin
2026-04-07 01:03:32,851 [INFO] PluginManager:220 - loadIPPluginJar : add ucpd
2026-04-07 01:03:32,855 [INFO] IPUIPlugin:80 - create IPUIPlugin
2026-04-07 01:03:32,855 [INFO] PluginManager:220 - loadIPPluginJar : add usart
2026-04-07 01:03:32,860 [INFO] IPUIPlugin:80 - create IPUIPlugin
2026-04-07 01:03:32,860 [INFO] PluginManager:220 - loadIPPluginJar : add usbx
2026-04-07 01:03:33,007 [FATAL] Updater:351 - Updater called before beeing initialized
2026-04-07 01:03:33,041 [INFO] RulesReader:64 - Compatibility file has been processed (317 Rules)
2026-04-07 01:03:33,052 [INFO] RulesReader:64 - Compatibility file has been processed (317 Rules)
2026-04-07 01:03:33,065 [INFO] CADModel:165 - CPN selected for project level
2026-04-07 01:03:33,066 [INFO] CADModel:114 - Register for checkConnection events
2026-04-07 01:03:33,066 [FATAL] Updater:351 - Updater called before beeing initialized
2026-04-07 01:03:33,066 [ERROR] CADModel:125 - Updater not yet initialized, retry later 
2026-04-07 01:03:33,247 [FATAL] Updater:351 - Updater called before beeing initialized
2026-04-07 01:03:33,250 [INFO] CADModel:165 - CPN selected for project level
2026-04-07 01:03:33,250 [INFO] CADModel:114 - Register for checkConnection events
2026-04-07 01:03:33,250 [FATAL] Updater:351 - Updater called before beeing initialized
2026-04-07 01:03:33,250 [ERROR] CADModel:125 - Updater not yet initialized, retry later 
2026-04-07 01:03:33,254 [FATAL] Updater:351 - Updater called before beeing initialized
2026-04-07 01:03:33,377 [FATAL] Updater:351 - Updater called before beeing initialized
2026-04-07 01:03:33,381 [INFO] DbMcusAds:53 - JSON generation date=Thu Oct 02 06:36:05 BRT 2025 (1759397765645)
2026-04-07 01:03:33,381 [FATAL] Updater:351 - Updater called before beeing initialized
2026-04-07 01:03:33,420 [WARN] DetailPanel:346 - Failed to get advertising image, set to default
2026-04-07 01:03:33,497 [FATAL] Updater:351 - Updater called before beeing initialized
2026-04-07 01:03:33,499 [FATAL] Updater:351 - Updater called before beeing initialized
2026-04-07 01:03:33,500 [FATAL] Updater:351 - Updater called before beeing initialized
2026-04-07 01:03:33,500 [WARN] DetailPanel:346 - Failed to get advertising image, set to default
2026-04-07 01:03:33,501 [FATAL] Updater:351 - Updater called before beeing initialized
2026-04-07 01:03:33,555 [ERROR] Updater:1198 - MainUpdater not yet initialized. External WinMGr cannot be set.
2026-04-07 01:03:33,557 [INFO] Updater:1134 - Updater Version found : 6.15.0
2026-04-07 01:03:33,576 [INFO] ApplicationProperties:184 - Using Application install path: C:\ST\STM32CubeIDE_1.19.0\STM32CubeIDE\plugins\com.st.stm32cube.common.mx_6.15.0.202507011659
2026-04-07 01:03:34,895 [INFO] ThirdPartyUpdaterWithRetryManager:70 - Updater plugin not ready yet. [2/15]
2026-04-07 01:03:35,162 [ERROR] LogOutputStream:75 - [STDERR_REDIRECT] Apr 07, 2026 1:03:35 AM java.util.prefs.WindowsPreferences <init>
2026-04-07 01:03:35,164 [ERROR] LogOutputStream:75 - [STDERR_REDIRECT] WARNING: Could not open/create prefs root node Software\JavaSoft\Prefs at root 0xffffffff80000002. Windows RegCreateKeyEx(...) returned error code 5.
2026-04-07 01:03:35,164 [ERROR] LogOutputStream:75 - [STDERR_REDIRECT] 
2026-04-07 01:03:35,486 [INFO] MainUpdater:2872 - connection check result : 10
2026-04-07 01:03:35,487 [INFO] MainUpdater:289 - Updater Check For Update Now.
2026-04-07 01:03:35,488 [INFO] MicroXplorer:498 - Change Database Version : DB.6.0.150
2026-04-07 01:03:35,502 [INFO] McuFinderGlobals:63 - Set McuFinder mode to 2 (CubeIDE integrated)
2026-04-07 01:03:35,502 [INFO] UserAuth:171 - activating auth plugin
2026-04-07 01:03:35,506 [INFO] UserAuth:487 - Internet connection configuration mode: 1
2026-04-07 01:03:35,543 [INFO] JxBrowserEngine:152 - Initiate JxBrowser Engine with user profile folder
2026-04-07 01:03:35,677 [INFO] CheckServerUpdateThread:120 - End of CheckServer Thread
2026-04-07 01:03:36,640 [INFO] WebApp:169 - Instantiating new browser for Auth
2026-04-07 01:03:37,491 [INFO] WebApp:463 - Apply proxy settings
2026-04-07 01:03:37,491 [INFO] WebApp:548 - Chromium requires no authentication
2026-04-07 01:03:37,505 [INFO] WebApp:491 - Direct internet connection detected
2026-04-07 01:03:37,544 [INFO] WebApp:900 - Register for checkConnection events
2026-04-07 01:03:37,544 [INFO] WebApp:463 - Apply proxy settings
2026-04-07 01:03:37,544 [INFO] WebApp:548 - Chromium requires no authentication
2026-04-07 01:03:37,545 [INFO] WebApp:491 - Direct internet connection detected
2026-04-07 01:03:37,757 [INFO] WebApp:225 - Starting web application
2026-04-07 01:03:37,757 [INFO] WebApp:593 - Web application path used C:\ST\STM32CubeIDE_1.19.0\STM32CubeIDE\plugins\com.st.stm32cube.common.mx_6.15.0.202507011659\db\plugins\mcufinder\reactClient1\index.html
2026-04-07 01:03:38,038 [INFO] WebApp:191 - Connection restablished
2026-04-07 01:03:38,094 [ERROR] LogOutputStream:75 - [STDERR_REDIRECT] [Fatal Error] :1:1: Premature end of file.
2026-04-07 01:03:38,095 [ERROR] LogOutputStream:75 - [STDERR_REDIRECT] 
2026-04-07 01:03:38,451 [WARN] PackLoader:240 - Cannot read IP mode file for STMicroelectronics.X-CUBE-AZRTOS-H7.3.5.0
2026-04-07 01:03:38,472 [WARN] PackLoader:240 - Cannot read IP mode file for STMicroelectronics.FP-SNS-MOTENVWB1.1.4.0
2026-04-07 01:03:38,483 [WARN] PackLoader:240 - Cannot read IP mode file for STMicroelectronics.FP-ATR-ASTRA1.2.0.2
2026-04-07 01:03:38,502 [WARN] PackLoader:240 - Cannot read IP mode file for STMicroelectronics.X-CUBE-SMBUS.2.1.0
2026-04-07 01:03:38,537 [WARN] PackLoader:240 - Cannot read IP mode file for STMicroelectronics.X-CUBE-AZRTOS-F7.1.1.0
2026-04-07 01:03:38,551 [WARN] PackLoader:240 - Cannot read IP mode file for Cesanta.I-CUBE-Mongoose.7.19.0
2026-04-07 01:03:38,560 [WARN] PackLoader:240 - Cannot read IP mode file for STMicroelectronics.FP-SNS-MOTENV1.5.1.0
2026-04-07 01:03:38,574 [WARN] PackLoader:240 - Cannot read IP mode file for WES.I-CUBE-Cesium.1.4.0
2026-04-07 01:03:38,595 [WARN] PackLoader:240 - Cannot read IP mode file for Infineon.AIROC-Wi-Fi-Bluetooth-STM32.1.7.1
2026-04-07 01:03:38,626 [WARN] PackLoader:240 - Cannot read IP mode file for STMicroelectronics.X-CUBE-AZRTOS-H7.3.4.0
2026-04-07 01:03:38,654 [WARN] PackLoader:240 - Cannot read IP mode file for STMicroelectronics.X-CUBE-DISPLAY.3.0.0
2026-04-07 01:03:38,664 [WARN] PackLoader:240 - Cannot read IP mode file for STMicroelectronics.FP-SNS-MOTENVWB1.1.5.0
2026-04-07 01:03:38,673 [WARN] PackLoader:240 - Cannot read IP mode file for STMicroelectronics.X-CUBE-NFC10.1.0.0
2026-04-07 01:03:38,681 [WARN] PackLoader:240 - Cannot read IP mode file for STMicroelectronics.X-CUBE-ST60.1.1.0
2026-04-07 01:03:38,688 [WARN] PackLoader:240 - Cannot read IP mode file for emotas.I-CUBE-CANOPEN.1.3.0
2026-04-07 01:03:38,696 [WARN] PackLoader:240 - Cannot read IP mode file for STMicroelectronics.X-CUBE-GNSS1.7.1.0
2026-04-07 01:03:38,705 [WARN] PackLoader:240 - Cannot read IP mode file for STMicroelectronics.FP-SNS-STBOX1.2.1.0
2026-04-07 01:03:38,713 [WARN] PackLoader:240 - Cannot read IP mode file for STMicroelectronics.FP-SNS-SMARTAG2.1.2.0
2026-04-07 01:03:38,719 [WARN] PackLoader:240 - Cannot read IP mode file for STMicroelectronics.FP-SNS-FLIGHT1.5.1.0
2026-04-07 01:03:38,729 [INFO] LogOutputStream:77 - [STDOUT_REDIRECT] 1 : Invalid condition id : UX_CORESTACK_Condition cause : null
2026-04-07 01:03:38,729 [INFO] LogOutputStream:77 - [STDOUT_REDIRECT] 1 : Invalid condition id : UX_CORESTACK_Condition cause : null
2026-04-07 01:03:38,731 [INFO] LogOutputStream:77 - [STDOUT_REDIRECT] 1 : Invalid condition id : UX_CORESTACK_Condition cause : null
2026-04-07 01:03:38,732 [INFO] LogOutputStream:77 - [STDOUT_REDIRECT] 1 : Invalid condition id : UX_CORESTACK_Condition cause : null
2026-04-07 01:03:38,733 [INFO] LogOutputStream:77 - [STDOUT_REDIRECT] 1 : Invalid condition id : UX_CORESTACK_Condition cause : null
2026-04-07 01:03:38,735 [WARN] PackLoader:240 - Cannot read IP mode file for STMicroelectronics.X-CUBE-AZRTOS-WL.2.0.0
2026-04-07 01:03:38,741 [WARN] PackLoader:240 - Cannot read IP mode file for STMicroelectronics.FP-SNS-MOTENV1.5.0.0
2026-04-07 01:03:38,764 [WARN] PackLoader:240 - Cannot read IP mode file for STMicroelectronics.X-CUBE-AZRTOS-H7RS.1.2.0
2026-04-07 01:03:38,776 [WARN] PackLoader:240 - Cannot read IP mode file for STMicroelectronics.X-CUBE-BLE2.3.3.0
2026-04-07 01:03:38,805 [WARN] PackLoader:240 - Cannot read IP mode file for STMicroelectronics.X-CUBE-NFC9.1.0.0
2026-04-07 01:03:38,816 [WARN] PackLoader:240 - Cannot read IP mode file for wolfSSL.I-CUBE-wolfSSL.5.8.2
2026-04-07 01:03:38,824 [WARN] PackLoader:240 - Cannot read IP mode file for STMicroelectronics.X-CUBE-BLE1.7.1.0
2026-04-07 01:03:38,830 [WARN] PackLoader:240 - Cannot read IP mode file for wolfSSL.I-CUBE-wolfMQTT.1.19.2
2026-04-07 01:03:38,838 [WARN] PackLoader:240 - Cannot read IP mode file for STMicroelectronics.X-CUBE-FREERTOS.1.4.0
2026-04-07 01:03:38,847 [WARN] PackLoader:240 - Cannot read IP mode file for STMicroelectronics.X-CUBE-EEPRMA1.5.2.0
2026-04-07 01:03:38,856 [WARN] PackLoader:240 - Cannot read IP mode file for STMicroelectronics.X-CUBE-ST67W61.1.1.0
2026-04-07 01:03:38,896 [WARN] PackLoader:240 - Cannot read IP mode file for STMicroelectronics.X-CUBE-MEMS1.12.0.0
2026-04-07 01:03:39,013 [WARN] PackLoader:240 - Cannot read IP mode file for STMicroelectronics.X-CUBE-AZRTOS-G0.1.1.0
2026-04-07 01:03:39,028 [WARN] PackLoader:240 - Cannot read IP mode file for STMicroelectronics.X-CUBE-SAFEA1.1.2.2
2026-04-07 01:03:39,042 [WARN] PackLoader:240 - Cannot read IP mode file for STMicroelectronics.X-CUBE-NFC4.3.0.0
2026-04-07 01:03:39,073 [ERROR] LogOutputStream:75 - [STDERR_REDIRECT] [Fatal Error] :1:1: Premature end of file.
2026-04-07 01:03:39,073 [ERROR] LogOutputStream:75 - [STDERR_REDIRECT] 
2026-04-07 01:03:39,085 [WARN] PackLoader:240 - Cannot read IP mode file for EmbeddedOffice.I-CUBE-FS-RTOS.1.0.1
2026-04-07 01:03:39,099 [WARN] PackLoader:240 - Cannot read IP mode file for STMicroelectronics.X-CUBE-WB05N.2.0.0
2026-04-07 01:03:39,107 [WARN] PackLoader:240 - Cannot read IP mode file for wolfSSL.I-CUBE-wolfTPM.3.8.0
2026-04-07 01:03:39,116 [WARN] PackLoader:240 - Cannot read IP mode file for STMicroelectronics.X-CUBE-TCPP.4.2.0
2026-04-07 01:03:39,125 [WARN] PackLoader:240 - Cannot read IP mode file for RealThread.X-CUBE-RT-Thread_Nano.4.1.1
2026-04-07 01:03:39,132 [WARN] PackLoader:240 - Cannot read IP mode file for STMicroelectronics.FP-ATR-SIGFOX1.3.2.0
2026-04-07 01:03:39,139 [WARN] PackLoader:240 - Cannot read IP mode file for STMicroelectronics.X-CUBE-FREERTOS.1.5.0
2026-04-07 01:03:39,147 [WARN] PackLoader:240 - Cannot read IP mode file for ITTIA_DB.I-CUBE-ITTIADB.8.9.0
2026-04-07 01:03:39,156 [WARN] PackLoader:240 - Cannot read IP mode file for STMicroelectronics.X-CUBE-NFC6.3.2.0
2026-04-07 01:03:39,164 [WARN] PackLoader:240 - Cannot read IP mode file for STMicroelectronics.X-CUBE-AI.10.2.0
2026-04-07 01:03:39,187 [WARN] PackLoader:240 - Cannot read IP mode file for SEGGER.I-CUBE-embOS.1.3.1
2026-04-07 01:03:39,227 [WARN] PackLoader:240 - Cannot read IP mode file for STMicroelectronics.X-CUBE-ALGOBUILD.1.4.0
2026-04-07 01:03:39,276 [WARN] PackLoader:240 - Cannot read IP mode file for STMicroelectronics.X-CUBE-MEMS1.11.3.0
2026-04-07 01:03:39,367 [WARN] PackLoader:240 - Cannot read IP mode file for STMicroelectronics.X-CUBE-PM33A1.1.0.0
2026-04-07 01:03:39,384 [WARN] PackLoader:240 - Cannot read IP mode file for STMicroelectronics.X-CUBE-AZRTOS-F4.1.1.0
2026-04-07 01:03:39,392 [WARN] PackLoader:240 - Cannot read IP mode file for STMicroelectronics.X-CUBE-ISPU.2.1.0
2026-04-07 01:03:39,405 [WARN] PackLoader:240 - Cannot read IP mode file for STMicroelectronics.X-CUBE-IPS.3.2.0
2026-04-07 01:03:39,420 [WARN] PackLoader:240 - Cannot read IP mode file for STMicroelectronics.X-CUBE-NFC12.1.0.0
2026-04-07 01:03:39,440 [WARN] PackLoader:240 - Cannot read IP mode file for STMicroelectronics.X-CUBE-AZRTOS-L5.2.0.0
2026-04-07 01:03:39,450 [WARN] PackLoader:240 - Cannot read IP mode file for STMicroelectronics.X-CUBE-NFC6.3.1.0
2026-04-07 01:03:39,458 [WARN] PackLoader:240 - Cannot read IP mode file for STMicroelectronics.X-CUBE-FREERTOS.1.3.1
2026-04-07 01:03:39,465 [WARN] PackLoader:240 - Cannot read IP mode file for STMicroelectronics.X-CUBE-TOUCHGFX.4.26.0
2026-04-07 01:03:39,469 [WARN] PackLoader:240 - Cannot read IP mode file for STMicroelectronics.X-CUBE-TOUCHGFX.4.26.1
2026-04-07 01:03:39,476 [WARN] PackLoader:240 - Cannot read IP mode file for STMicroelectronics.FP-SNS-STAIOTCFT.1.0.0
2026-04-07 01:03:39,482 [WARN] PackLoader:240 - Cannot read IP mode file for STMicroelectronics.X-CUBE-DPower.1.3.0
2026-04-07 01:03:39,498 [WARN] ConditionMgr:438 - getConditionDescription Invalid condition id : LAN8742 Phy interface Condition cause : null
2026-04-07 01:03:39,499 [WARN] PackLoader:240 - Cannot read IP mode file for STMicroelectronics.X-CUBE-AZRTOS-L4.2.0.0
2026-04-07 01:03:39,500 [WARN] ConditionMgr:1044 - genDependencies : Invalid condition id : LAN8742 Phy interface Condition cause : null
2026-04-07 01:03:39,500 [WARN] ConditionMgr:1044 - genDependencies : Invalid condition id : LAN8742 Phy interface Condition cause : null
2026-04-07 01:03:39,501 [WARN] ConditionMgr:1044 - genDependencies : Invalid condition id : LAN8742 Phy interface Condition cause : null
2026-04-07 01:03:39,509 [WARN] PackLoader:240 - Cannot read IP mode file for STMicroelectronics.X-CUBE-SFXS2LP1.4.0.0
2026-04-07 01:03:39,517 [WARN] PackLoader:240 - Cannot read IP mode file for STMicroelectronics.X-CUBE-ST67W61.1.2.0
2026-04-07 01:03:39,527 [WARN] PackLoader:240 - Cannot read IP mode file for STMicroelectronics.X-CUBE-BLEMGR.4.1.0
2026-04-07 01:03:39,541 [WARN] ConditionMgr:438 - getConditionDescription Invalid condition id : UX DEVICE CLASS RTOS Condition cause : null
2026-04-07 01:03:39,541 [WARN] ConditionMgr:438 - getConditionDescription Invalid condition id : UX DEVICE CLASS RTOS Condition cause : null
2026-04-07 01:03:39,543 [WARN] PackLoader:240 - Cannot read IP mode file for STMicroelectronics.X-CUBE-AZRTOS-WB.2.0.0
2026-04-07 01:03:39,544 [WARN] ConditionMgr:1044 - genDependencies : Invalid condition id : UX DEVICE CLASS RTOS Condition cause : null
2026-04-07 01:03:39,544 [WARN] ConditionMgr:1044 - genDependencies : Invalid condition id : UX DEVICE CLASS RTOS Condition cause : null
2026-04-07 01:03:39,544 [WARN] ConditionMgr:1044 - genDependencies : Invalid condition id : UX DEVICE CLASS RTOS Condition cause : null
2026-04-07 01:03:39,545 [WARN] ConditionMgr:1044 - genDependencies : Invalid condition id : UX DEVICE CLASS RTOS Condition cause : null
2026-04-07 01:03:39,545 [WARN] ConditionMgr:1044 - genDependencies : Invalid condition id : UX DEVICE CLASS RTOS Condition cause : null
2026-04-07 01:03:39,551 [WARN] PackLoader:240 - Cannot read IP mode file for STMicroelectronics.X-CUBE-GNSS1.7.0.1
2026-04-07 01:03:39,558 [WARN] ConditionMgr:438 - getConditionDescription Invalid condition id : Cortex-A Device cause : null
2026-04-07 01:03:39,573 [WARN] ConditionMgr:1044 - genDependencies : Invalid condition id : Cortex-A Device cause : null
2026-04-07 01:03:39,573 [WARN] ConditionMgr:1044 - genDependencies : Invalid condition id : Cortex-A Device cause : null
2026-04-07 01:03:39,573 [WARN] ConditionMgr:1044 - genDependencies : Invalid condition id : Cortex-A Device cause : null
2026-04-07 01:03:39,584 [WARN] PackLoader:240 - Cannot read IP mode file for STMicroelectronics.X-CUBE-STSE01.2.0.0
2026-04-07 01:03:39,596 [WARN] PackLoader:240 - Cannot read IP mode file for STMicroelectronics.X-CUBE-SUBG2.5.0.0
2026-04-07 01:03:39,615 [WARN] PackLoader:240 - Cannot read IP mode file for STMicroelectronics.X-CUBE-AZRTOS-H7RS.1.1.0
2026-04-07 01:03:39,630 [WARN] PackLoader:240 - Cannot read IP mode file for STMicroelectronics.X-CUBE-AZRTOS-G4.2.0.0
2026-04-07 01:03:39,638 [WARN] PackLoader:240 - Cannot read IP mode file for wolfSSL.I-CUBE-wolfSSH.1.4.20
2026-04-07 01:03:39,645 [WARN] PackLoader:240 - Cannot read IP mode file for STMicroelectronics.X-CUBE-NFC7.2.0.0
2026-04-07 01:03:39,653 [WARN] PackLoader:240 - Cannot read IP mode file for STMicroelectronics.X-CUBE-ALS.1.0.2
2026-04-07 01:03:39,660 [WARN] PackLoader:240 - Cannot read IP mode file for STMicroelectronics.X-CUBE-STSE01.1.0.0
2026-04-07 01:03:39,671 [WARN] PackLoader:240 - Cannot read IP mode file for STMicroelectronics.X-CUBE-TOF1.3.4.3
2026-04-07 01:03:39,681 [INFO] ThirdParty:978 - Integrity check success = true
2026-04-07 01:03:39,681 [INFO] IntegrityCheckThread:100 - exiting critical section [integrity check]
2026-04-07 01:03:39,682 [INFO] IntegrityCheckThread:103 - End integrity checks thread
2026-04-07 01:03:40,017 [ERROR] LogOutputStream:75 - [STDERR_REDIRECT] [Fatal Error] :1:1: Premature end of file.
2026-04-07 01:03:40,017 [ERROR] LogOutputStream:75 - [STDERR_REDIRECT] 
2026-04-07 01:03:41,008 [ERROR] LogOutputStream:75 - [STDERR_REDIRECT] [Fatal Error] :1:1: Premature end of file.
2026-04-07 01:03:41,009 [ERROR] LogOutputStream:75 - [STDERR_REDIRECT] 
2026-04-07 01:03:42,011 [ERROR] LogOutputStream:75 - [STDERR_REDIRECT] [Fatal Error] :1:1: Premature end of file.
2026-04-07 01:03:42,011 [ERROR] LogOutputStream:75 - [STDERR_REDIRECT] 
2026-04-07 01:03:43,009 [ERROR] LogOutputStream:75 - [STDERR_REDIRECT] [Fatal Error] :1:1: Premature end of file.
2026-04-07 01:03:43,009 [ERROR] LogOutputStream:75 - [STDERR_REDIRECT] 
2026-04-07 01:03:44,016 [ERROR] LogOutputStream:75 - [STDERR_REDIRECT] [Fatal Error] :1:1: Premature end of file.
2026-04-07 01:03:44,017 [ERROR] LogOutputStream:75 - [STDERR_REDIRECT] 
2026-04-07 01:03:45,005 [ERROR] LogOutputStream:75 - [STDERR_REDIRECT] [Fatal Error] :1:1: Premature end of file.
2026-04-07 01:03:45,005 [ERROR] LogOutputStream:75 - [STDERR_REDIRECT] 
2026-04-07 01:03:46,064 [ERROR] LogOutputStream:75 - [STDERR_REDIRECT] [Fatal Error] :1:1: Premature end of file.
2026-04-07 01:03:46,065 [ERROR] LogOutputStream:75 - [STDERR_REDIRECT] 
2026-04-07 01:03:47,008 [ERROR] LogOutputStream:75 - [STDERR_REDIRECT] [Fatal Error] :1:1: Premature end of file.
2026-04-07 01:03:47,009 [ERROR] LogOutputStream:75 - [STDERR_REDIRECT] 
2026-04-07 01:03:48,071 [ERROR] LogOutputStream:75 - [STDERR_REDIRECT] [Fatal Error] :1:1: Premature end of file.
2026-04-07 01:03:48,072 [ERROR] LogOutputStream:75 - [STDERR_REDIRECT] 
2026-04-07 01:03:48,481 [ERROR] LogOutputStream:75 - [STDERR_REDIRECT] 
2026-04-07 01:03:59,537 [INFO] Activator:176 - 


2026-04-07 01:03:59,539 [INFO] Activator:177 - !SESSION log4j initialized
2026-04-07 01:04:02,969 [INFO] LogOutputStream:77 - [STDOUT_REDIRECT] 
2026-04-07 01:04:05,279 [INFO] ApplicationProperties:184 - Using Application install path: C:\ST\STM32CubeIDE_1.19.0\STM32CubeIDE\plugins\com.st.stm32cube.common.mx_6.15.0.202507011659
2026-04-07 01:04:05,296 [INFO] DbMcusXml:78 - Set database path to: C:\ST\STM32CubeIDE_1.19.0\STM32CubeIDE\plugins\com.st.stm32cube.common.mx_6.15.0.202507011659\\db\/mcu/
2026-04-07 01:04:05,296 [INFO] ApiDb:274 - Set plugin database path to: C:\ST\STM32CubeIDE_1.19.0\STM32CubeIDE\plugins\com.st.stm32cube.common.mx_6.15.0.202507011659\\db\/plugins/boardmanager/
2026-04-07 01:04:05,296 [WARN] ApiDb:259 - Overriding images path with different value:  => C:\ST\STM32CubeIDE_1.19.0\STM32CubeIDE\plugins\com.st.stm32cube.common.mx_6.15.0.202507011659\\db\/plugins/mcufinder/images/
2026-04-07 01:04:05,303 [INFO] ApiDb:250 - Set database path to: C:\Users\lucas\.stmcufinder\plugins\mcufinder//mcu/
2026-04-07 01:04:05,304 [INFO] DbMcusAds:125 - Set database path to: C:\Users\lucas\.stmcufinder\plugins\mcufinder//mcu/
2026-04-07 01:04:05,306 [INFO] CrossReferenceDbSqlite:203 - Set database path to: C:\Users\lucas\.stmcufinder\plugins\mcufinder//mcu/cs/
2026-04-07 01:04:05,407 [INFO] RulesReader:64 - Compatibility file has been processed (317 Rules)
2026-04-07 01:04:05,506 [INFO] DbMcusXml:78 - Set database path to: C:\ST\STM32CubeIDE_1.19.0\STM32CubeIDE\plugins\com.st.stm32cube.common.mx_6.15.0.202507011659\\db\/mcu/
2026-04-07 01:04:05,506 [INFO] ApiDb:274 - Set plugin database path to: C:\ST\STM32CubeIDE_1.19.0\STM32CubeIDE\plugins\com.st.stm32cube.common.mx_6.15.0.202507011659\\db\/plugins/boardmanager/
2026-04-07 01:04:05,506 [INFO] ApiDb:261 - Set plugin images path to: C:\ST\STM32CubeIDE_1.19.0\STM32CubeIDE\plugins\com.st.stm32cube.common.mx_6.15.0.202507011659\\db\/plugins/mcufinder/images/
2026-04-07 01:04:05,506 [WARN] DbFile:41 - Overriding database path with different value: C:\Users\lucas\.stmcufinder\plugins\mcufinder/ => C:\Users\lucas\.stmcufinder\plugins\mcufinder
2026-04-07 01:04:05,507 [INFO] ApiDb:250 - Set database path to: C:\Users\lucas\.stmcufinder\plugins\mcufinder//mcu/
2026-04-07 01:04:05,507 [WARN] DbFile:41 - Overriding database path with different value: C:\Users\lucas\.stmcufinder\plugins\mcufinder/ => C:\Users\lucas\.stmcufinder\plugins\mcufinder
2026-04-07 01:04:05,507 [INFO] DbMcusAds:125 - Set database path to: C:\Users\lucas\.stmcufinder\plugins\mcufinder//mcu/
2026-04-07 01:04:05,507 [WARN] DbFile:41 - Overriding database path with different value: C:\Users\lucas\.stmcufinder\plugins\mcufinder/ => C:\Users\lucas\.stmcufinder\plugins\mcufinder
2026-04-07 01:04:05,507 [WARN] DbFile:41 - Overriding database path with different value: C:\Users\lucas\.stmcufinder\plugins\mcufinder/ => C:\Users\lucas\.stmcufinder\plugins\mcufinder
2026-04-07 01:04:05,507 [INFO] CrossReferenceDbSqlite:203 - Set database path to: C:\Users\lucas\.stmcufinder\plugins\mcufinder//mcu/cs/
2026-04-07 01:04:05,588 [INFO] MainPanel:274 - HeapMemory: 268435456
2026-04-07 01:04:05,702 [INFO] DbMcusXml:78 - Set database path to: C:\ST\STM32CubeIDE_1.19.0\STM32CubeIDE\plugins\com.st.stm32cube.common.mx_6.15.0.202507011659\\db\/mcu/
2026-04-07 01:04:05,702 [INFO] ApiDb:274 - Set plugin database path to: C:\ST\STM32CubeIDE_1.19.0\STM32CubeIDE\plugins\com.st.stm32cube.common.mx_6.15.0.202507011659\\db\/plugins/boardmanager/
2026-04-07 01:04:05,702 [INFO] ApiDb:261 - Set plugin images path to: C:\ST\STM32CubeIDE_1.19.0\STM32CubeIDE\plugins\com.st.stm32cube.common.mx_6.15.0.202507011659\\db\/plugins/mcufinder/images/
2026-04-07 01:04:05,702 [WARN] DbFile:41 - Overriding database path with different value: C:\Users\lucas\.stmcufinder\plugins\mcufinder/ => C:\Users\lucas\.stmcufinder\plugins\mcufinder
2026-04-07 01:04:05,702 [INFO] ApiDb:250 - Set database path to: C:\Users\lucas\.stmcufinder\plugins\mcufinder//mcu/
2026-04-07 01:04:05,702 [WARN] DbFile:41 - Overriding database path with different value: C:\Users\lucas\.stmcufinder\plugins\mcufinder/ => C:\Users\lucas\.stmcufinder\plugins\mcufinder
2026-04-07 01:04:05,703 [INFO] DbMcusAds:125 - Set database path to: C:\Users\lucas\.stmcufinder\plugins\mcufinder//mcu/
2026-04-07 01:04:05,703 [WARN] DbFile:41 - Overriding database path with different value: C:\Users\lucas\.stmcufinder\plugins\mcufinder/ => C:\Users\lucas\.stmcufinder\plugins\mcufinder
2026-04-07 01:04:05,703 [WARN] DbFile:41 - Overriding database path with different value: C:\Users\lucas\.stmcufinder\plugins\mcufinder/ => C:\Users\lucas\.stmcufinder\plugins\mcufinder
2026-04-07 01:04:05,703 [INFO] CrossReferenceDbSqlite:203 - Set database path to: C:\Users\lucas\.stmcufinder\plugins\mcufinder//mcu/cs/
2026-04-07 01:04:05,725 [INFO] ApplicationProperties:184 - Using Application install path: C:\ST\STM32CubeIDE_1.19.0\STM32CubeIDE\plugins\com.st.stm32cube.common.mx_6.15.0.202507011659
2026-04-07 01:04:05,727 [INFO] PluginManage:196 - Search for loadable plugins [exclusion list=, ]
2026-04-07 01:04:05,729 [INFO] PluginManage:310 - Check plugin analytics
2026-04-07 01:04:05,971 [INFO] AnalyticsPlugin:253 - Accepted Software Licenses: 
2026-04-07 01:04:05,971 [INFO] AnalyticsPlugin:255 - Accepted CMSIS Pack Licenses: 
2026-04-07 01:04:05,972 [INFO] AnalyticsPlugin:257 - Accepted Firmware Licenses: FW.F4.1.28.0
2026-04-07 01:04:05,976 [INFO] PluginManage:359 - Loaded plugin analytics (category:tool,tabindex:-1)
2026-04-07 01:04:05,976 [INFO] PluginManage:310 - Check plugin cadmodel
2026-04-07 01:04:05,982 [INFO] CADModel:105 - Init CAD model plugin
2026-04-07 01:04:05,983 [INFO] PluginManage:359 - Loaded plugin cadmodel (category:power,tabindex:5)
2026-04-07 01:04:05,983 [INFO] PluginManage:310 - Check plugin clock
2026-04-07 01:04:06,000 [INFO] PluginManage:359 - Loaded plugin clock (category:base,tabindex:2)
2026-04-07 01:04:06,001 [INFO] PluginManage:310 - Check plugin ddr
2026-04-07 01:04:06,006 [INFO] PluginManage:359 - Loaded plugin ddr (category:tool,tabindex:6)
2026-04-07 01:04:06,006 [INFO] PluginManage:310 - Check plugin filemanager
2026-04-07 01:04:06,202 [INFO] PluginManage:359 - Loaded plugin filemanager (category:base,tabindex:10)
2026-04-07 01:04:06,202 [INFO] PluginManage:310 - Check plugin ipmanager
2026-04-07 01:04:06,214 [INFO] PluginManage:359 - Loaded plugin ipmanager (category:base,tabindex:5)
2026-04-07 01:04:06,215 [INFO] PluginManage:310 - Check plugin lpbam
2026-04-07 01:04:06,226 [INFO] PluginManage:359 - Loaded plugin lpbam (category:base,tabindex:0)
2026-04-07 01:04:06,226 [INFO] PluginManage:310 - Check plugin memorymap
2026-04-07 01:04:06,242 [INFO] PluginManage:359 - Loaded plugin memorymap (category:base,tabindex:4)
2026-04-07 01:04:06,243 [INFO] PluginManage:310 - Check plugin pinoutandconfiguration
2026-04-07 01:04:06,252 [INFO] PluginManage:359 - Loaded plugin pinoutandconfiguration (category:base,tabindex:1)
2026-04-07 01:04:06,252 [INFO] PluginManage:310 - Check plugin pinoutconfig
2026-04-07 01:04:06,368 [WARN] SupportedApi:132 - Cannot load RTOS API schema: s4s-elt-must-match.1: The content of 'definitions' must match (annotation?, (simpleType | complexType)?, (unique | key | keyref)*)). A problem was found starting at: attribute.
2026-04-07 01:04:06,488 [INFO] PluginManage:359 - Loaded plugin pinoutconfig (category:base,tabindex:0)
2026-04-07 01:04:06,488 [INFO] PluginManage:310 - Check plugin power
2026-04-07 01:04:06,496 [INFO] PluginManage:359 - Loaded plugin power (category:power,tabindex:4)
2026-04-07 01:04:06,496 [INFO] PluginManage:310 - Check plugin projectmanager
2026-04-07 01:04:06,514 [INFO] PluginManage:359 - Loaded plugin projectmanager (category:projectmanager,tabindex:4)
2026-04-07 01:04:06,514 [INFO] PluginManage:310 - Check plugin rif
2026-04-07 01:04:06,521 [INFO] PluginManage:359 - Loaded plugin rif (category:base,tabindex:3)
2026-04-07 01:04:06,521 [INFO] PluginManage:310 - Check plugin thirdparty
2026-04-07 01:04:06,653 [INFO] PluginManage:359 - Loaded plugin thirdparty (category:base,tabindex:-1)
2026-04-07 01:04:06,653 [WARN] IntegrityCheckThread:84 - waiting for thirdparty lock release [integrity check]
2026-04-07 01:04:06,653 [INFO] PluginManage:310 - Check plugin tools
2026-04-07 01:04:06,653 [INFO] IntegrityCheckThread:86 - entering critical section [integrity check]
2026-04-07 01:04:06,654 [INFO] ThirdPartyUpdaterWithRetryManager:70 - Updater plugin not ready yet. [1/15]
2026-04-07 01:04:06,656 [INFO] PluginManage:359 - Loaded plugin tools (category:base,tabindex:7)
2026-04-07 01:04:06,657 [INFO] PluginManage:310 - Check plugin tutovideos
2026-04-07 01:04:06,849 [INFO] PluginManage:359 - Loaded plugin tutovideos (category:base,tabindex:-1)
2026-04-07 01:04:06,849 [INFO] PluginManage:310 - Check plugin updater
2026-04-07 01:04:06,865 [INFO] PluginManage:359 - Loaded plugin updater (category:base,tabindex:12)
2026-04-07 01:04:06,865 [INFO] PluginManage:310 - Check plugin userauth
2026-04-07 01:04:06,865 [INFO] UserAuth:118 - Init User Auth plugin
2026-04-07 01:04:06,876 [INFO] PluginManage:359 - Loaded plugin userauth (category:base,tabindex:14)
2026-04-07 01:04:06,876 [INFO] PluginManage:283 - PluginManage : Loaded plugins [18]
2026-04-07 01:04:07,119 [INFO] PinOutPanel:1589 - setPackage(No Configuration,No Configuration)
2026-04-07 01:04:07,217 [INFO] CADModel:165 - CPN selected for project level
2026-04-07 01:04:07,217 [INFO] CADModel:114 - Register for checkConnection events
2026-04-07 01:04:07,237 [INFO] IPUIPlugin:80 - create IPUIPlugin
2026-04-07 01:04:07,237 [INFO] PluginManager:220 - loadIPPluginJar : add adc
2026-04-07 01:04:07,243 [INFO] IPUIPlugin:80 - create IPUIPlugin
2026-04-07 01:04:07,243 [INFO] PluginManager:220 - loadIPPluginJar : add aes
2026-04-07 01:04:07,247 [INFO] IPUIPlugin:80 - create IPUIPlugin
2026-04-07 01:04:07,247 [INFO] PluginManager:220 - loadIPPluginJar : add can
2026-04-07 01:04:07,249 [INFO] IPUIPlugin:80 - create IPUIPlugin
2026-04-07 01:04:07,249 [INFO] PluginManager:220 - loadIPPluginJar : add comp
2026-04-07 01:04:07,251 [INFO] IPUIPlugin:80 - create IPUIPlugin
2026-04-07 01:04:07,251 [INFO] PluginManager:220 - loadIPPluginJar : add cryp
2026-04-07 01:04:07,254 [INFO] IPUIPlugin:80 - create IPUIPlugin
2026-04-07 01:04:07,254 [INFO] PluginManager:220 - loadIPPluginJar : add ddr_ctrl_phy
2026-04-07 01:04:07,259 [INFO] IPUIPlugin:80 - create IPUIPlugin
2026-04-07 01:04:07,259 [INFO] PluginManager:220 - loadIPPluginJar : add dfsdm
2026-04-07 01:04:07,265 [INFO] IPUIPlugin:80 - create IPUIPlugin
2026-04-07 01:04:07,265 [INFO] PluginManager:220 - loadIPPluginJar : add dma
2026-04-07 01:04:07,267 [INFO] IPUIPlugin:80 - create IPUIPlugin
2026-04-07 01:04:07,267 [INFO] PluginManager:220 - loadIPPluginJar : add dma3
2026-04-07 01:04:07,273 [INFO] IPUIPlugin:80 - create IPUIPlugin
2026-04-07 01:04:07,273 [INFO] PluginManager:220 - loadIPPluginJar : add extmemmanager
2026-04-07 01:04:07,275 [INFO] IPUIPlugin:80 - create IPUIPlugin
2026-04-07 01:04:07,275 [INFO] PluginManager:220 - loadIPPluginJar : add fatfs
2026-04-07 01:04:07,281 [INFO] IPUIPlugin:80 - create IPUIPlugin
2026-04-07 01:04:07,281 [INFO] PluginManager:220 - loadIPPluginJar : add fmc
2026-04-07 01:04:07,285 [INFO] IPUIPlugin:80 - create IPUIPlugin
2026-04-07 01:04:07,285 [INFO] PluginManager:220 - loadIPPluginJar : add freertos
2026-04-07 01:04:07,288 [INFO] IPUIPlugin:80 - create IPUIPlugin
2026-04-07 01:04:07,288 [INFO] PluginManager:220 - loadIPPluginJar : add genericplugin
2026-04-07 01:04:07,291 [INFO] IPUIPlugin:80 - create IPUIPlugin
2026-04-07 01:04:07,291 [INFO] PluginManager:220 - loadIPPluginJar : add gfxmmu
2026-04-07 01:04:07,291 [INFO] IPUIPlugin:80 - create IPUIPlugin
2026-04-07 01:04:07,291 [INFO] PluginManager:220 - loadIPPluginJar : add gic
2026-04-07 01:04:07,291 [INFO] IPUIPlugin:80 - create IPUIPlugin
2026-04-07 01:04:07,291 [INFO] PluginManager:220 - loadIPPluginJar : add gpio
2026-04-07 01:04:07,291 [INFO] IPUIPlugin:80 - create IPUIPlugin
2026-04-07 01:04:07,291 [INFO] PluginManager:220 - loadIPPluginJar : add gtzc
2026-04-07 01:04:07,308 [INFO] IPUIPlugin:80 - create IPUIPlugin
2026-04-07 01:04:07,308 [INFO] PluginManager:220 - loadIPPluginJar : add hash
2026-04-07 01:04:07,310 [INFO] IPUIPlugin:80 - create IPUIPlugin
2026-04-07 01:04:07,310 [INFO] PluginManager:220 - loadIPPluginJar : add i2c
2026-04-07 01:04:07,312 [INFO] IPUIPlugin:80 - create IPUIPlugin
2026-04-07 01:04:07,314 [INFO] PluginManager:220 - loadIPPluginJar : add i2s
2026-04-07 01:04:07,316 [INFO] IPUIPlugin:80 - create IPUIPlugin
2026-04-07 01:04:07,316 [INFO] PluginManager:220 - loadIPPluginJar : add i3c
2026-04-07 01:04:07,321 [INFO] IPUIPlugin:80 - create IPUIPlugin
2026-04-07 01:04:07,321 [INFO] PluginManager:220 - loadIPPluginJar : add ipddr
2026-04-07 01:04:07,329 [INFO] IPUIPlugin:80 - create IPUIPlugin
2026-04-07 01:04:07,329 [INFO] PluginManager:220 - loadIPPluginJar : add linkedlist
2026-04-07 01:04:07,329 [INFO] IPUIPlugin:80 - create IPUIPlugin
2026-04-07 01:04:07,329 [INFO] PluginManager:220 - loadIPPluginJar : add lorawan
2026-04-07 01:04:07,329 [INFO] IPUIPlugin:80 - create IPUIPlugin
2026-04-07 01:04:07,329 [INFO] PluginManager:220 - loadIPPluginJar : add ltdc
2026-04-07 01:04:07,338 [INFO] IPUIPlugin:80 - create IPUIPlugin
2026-04-07 01:04:07,338 [INFO] PluginManager:220 - loadIPPluginJar : add mdma
2026-04-07 01:04:07,338 [INFO] IPUIPlugin:80 - create IPUIPlugin
2026-04-07 01:04:07,338 [INFO] PluginManager:220 - loadIPPluginJar : add nvic
2026-04-07 01:04:07,338 [INFO] IPUIPlugin:80 - create IPUIPlugin
2026-04-07 01:04:07,338 [INFO] PluginManager:220 - loadIPPluginJar : add opamp
2026-04-07 01:04:07,349 [INFO] IPUIPlugin:80 - create IPUIPlugin
2026-04-07 01:04:07,349 [INFO] PluginManager:220 - loadIPPluginJar : add openamp
2026-04-07 01:04:07,354 [INFO] IPUIPlugin:80 - create IPUIPlugin
2026-04-07 01:04:07,354 [INFO] PluginManager:220 - loadIPPluginJar : add pdm2pcm
2026-04-07 01:04:07,360 [INFO] IPUIPlugin:80 - create IPUIPlugin
2026-04-07 01:04:07,362 [INFO] PluginManager:220 - loadIPPluginJar : add plateformsettings
2026-04-07 01:04:07,364 [INFO] IPUIPlugin:80 - create IPUIPlugin
2026-04-07 01:04:07,364 [INFO] PluginManager:220 - loadIPPluginJar : add quadspi
2026-04-07 01:04:07,366 [INFO] IPUIPlugin:80 - create IPUIPlugin
2026-04-07 01:04:07,366 [INFO] PluginManager:220 - loadIPPluginJar : add radio
2026-04-07 01:04:07,370 [INFO] IPUIPlugin:80 - create IPUIPlugin
2026-04-07 01:04:07,370 [INFO] PluginManager:220 - loadIPPluginJar : add resmgrutility
2026-04-07 01:04:07,374 [INFO] IPUIPlugin:80 - create IPUIPlugin
2026-04-07 01:04:07,374 [INFO] PluginManager:220 - loadIPPluginJar : add sai
2026-04-07 01:04:07,376 [INFO] IPUIPlugin:80 - create IPUIPlugin
2026-04-07 01:04:07,376 [INFO] PluginManager:220 - loadIPPluginJar : add spi
2026-04-07 01:04:07,384 [INFO] IPUIPlugin:80 - create IPUIPlugin
2026-04-07 01:04:07,384 [INFO] PluginManager:220 - loadIPPluginJar : add stm32_wpan
2026-04-07 01:04:07,386 [INFO] IPUIPlugin:80 - create IPUIPlugin
2026-04-07 01:04:07,386 [INFO] PluginManager:220 - loadIPPluginJar : add tim
2026-04-07 01:04:07,390 [INFO] IPUIPlugin:80 - create IPUIPlugin
2026-04-07 01:04:07,390 [INFO] PluginManager:220 - loadIPPluginJar : add touchsensing
2026-04-07 01:04:07,392 [INFO] IPUIPlugin:80 - create IPUIPlugin
2026-04-07 01:04:07,392 [INFO] PluginManager:220 - loadIPPluginJar : add tracer_emb
2026-04-07 01:04:07,392 [INFO] IPUIPlugin:80 - create IPUIPlugin
2026-04-07 01:04:07,392 [INFO] PluginManager:220 - loadIPPluginJar : add ts
2026-04-07 01:04:07,392 [INFO] IPUIPlugin:80 - create IPUIPlugin
2026-04-07 01:04:07,392 [INFO] PluginManager:220 - loadIPPluginJar : add tsc
2026-04-07 01:04:07,392 [INFO] IPUIPlugin:80 - create IPUIPlugin
2026-04-07 01:04:07,392 [INFO] PluginManager:220 - loadIPPluginJar : add ucpd
2026-04-07 01:04:07,401 [INFO] IPUIPlugin:80 - create IPUIPlugin
2026-04-07 01:04:07,401 [INFO] PluginManager:220 - loadIPPluginJar : add usart
2026-04-07 01:04:07,401 [INFO] IPUIPlugin:80 - create IPUIPlugin
2026-04-07 01:04:07,401 [INFO] PluginManager:220 - loadIPPluginJar : add usbx
2026-04-07 01:04:07,551 [FATAL] Updater:351 - Updater called before beeing initialized
2026-04-07 01:04:07,580 [INFO] RulesReader:64 - Compatibility file has been processed (317 Rules)
2026-04-07 01:04:07,598 [INFO] RulesReader:64 - Compatibility file has been processed (317 Rules)
2026-04-07 01:04:07,612 [INFO] CADModel:165 - CPN selected for project level
2026-04-07 01:04:07,612 [INFO] CADModel:114 - Register for checkConnection events
2026-04-07 01:04:07,612 [FATAL] Updater:351 - Updater called before beeing initialized
2026-04-07 01:04:07,612 [ERROR] CADModel:125 - Updater not yet initialized, retry later 
2026-04-07 01:04:07,811 [FATAL] Updater:351 - Updater called before beeing initialized
2026-04-07 01:04:07,817 [INFO] CADModel:165 - CPN selected for project level
2026-04-07 01:04:07,817 [INFO] CADModel:114 - Register for checkConnection events
2026-04-07 01:04:07,817 [FATAL] Updater:351 - Updater called before beeing initialized
2026-04-07 01:04:07,817 [ERROR] CADModel:125 - Updater not yet initialized, retry later 
2026-04-07 01:04:07,818 [FATAL] Updater:351 - Updater called before beeing initialized
2026-04-07 01:04:07,946 [FATAL] Updater:351 - Updater called before beeing initialized
2026-04-07 01:04:07,946 [INFO] DbMcusAds:53 - JSON generation date=Thu Oct 02 06:36:05 BRT 2025 (1759397765645)
2026-04-07 01:04:07,946 [FATAL] Updater:351 - Updater called before beeing initialized
2026-04-07 01:04:07,978 [WARN] DetailPanel:346 - Failed to get advertising image, set to default
2026-04-07 01:04:08,064 [FATAL] Updater:351 - Updater called before beeing initialized
2026-04-07 01:04:08,064 [FATAL] Updater:351 - Updater called before beeing initialized
2026-04-07 01:04:08,064 [FATAL] Updater:351 - Updater called before beeing initialized
2026-04-07 01:04:08,064 [WARN] DetailPanel:346 - Failed to get advertising image, set to default
2026-04-07 01:04:08,064 [FATAL] Updater:351 - Updater called before beeing initialized
2026-04-07 01:04:08,115 [ERROR] Updater:1198 - MainUpdater not yet initialized. External WinMGr cannot be set.
2026-04-07 01:04:08,115 [INFO] Updater:1134 - Updater Version found : 6.15.0
2026-04-07 01:04:08,118 [INFO] ApplicationProperties:184 - Using Application install path: C:\ST\STM32CubeIDE_1.19.0\STM32CubeIDE\plugins\com.st.stm32cube.common.mx_6.15.0.202507011659
2026-04-07 01:04:09,662 [INFO] ThirdPartyUpdaterWithRetryManager:70 - Updater plugin not ready yet. [2/15]
2026-04-07 01:04:09,726 [ERROR] LogOutputStream:75 - [STDERR_REDIRECT] Apr 07, 2026 1:04:09 AM java.util.prefs.WindowsPreferences <init>
2026-04-07 01:04:09,726 [ERROR] LogOutputStream:75 - [STDERR_REDIRECT] WARNING: Could not open/create prefs root node Software\JavaSoft\Prefs at root 0xffffffff80000002. Windows RegCreateKeyEx(...) returned error code 5.
2026-04-07 01:04:09,726 [ERROR] LogOutputStream:75 - [STDERR_REDIRECT] 
2026-04-07 01:04:10,171 [INFO] MainUpdater:2872 - connection check result : 10
2026-04-07 01:04:10,171 [INFO] MainUpdater:289 - Updater Check For Update Now.
2026-04-07 01:04:10,171 [INFO] MicroXplorer:498 - Change Database Version : DB.6.0.150
2026-04-07 01:04:10,186 [INFO] McuFinderGlobals:63 - Set McuFinder mode to 2 (CubeIDE integrated)
2026-04-07 01:04:10,186 [INFO] UserAuth:171 - activating auth plugin
2026-04-07 01:04:10,194 [INFO] UserAuth:487 - Internet connection configuration mode: 1
2026-04-07 01:04:10,234 [INFO] JxBrowserEngine:152 - Initiate JxBrowser Engine with user profile folder
2026-04-07 01:04:10,391 [INFO] CheckServerUpdateThread:120 - End of CheckServer Thread
2026-04-07 01:04:10,996 [INFO] WebApp:169 - Instantiating new browser for Auth
2026-04-07 01:04:11,662 [INFO] WebApp:463 - Apply proxy settings
2026-04-07 01:04:11,662 [INFO] WebApp:548 - Chromium requires no authentication
2026-04-07 01:04:11,671 [INFO] WebApp:491 - Direct internet connection detected
2026-04-07 01:04:11,690 [INFO] WebApp:900 - Register for checkConnection events
2026-04-07 01:04:11,690 [INFO] WebApp:463 - Apply proxy settings
2026-04-07 01:04:11,690 [INFO] WebApp:548 - Chromium requires no authentication
2026-04-07 01:04:11,690 [INFO] WebApp:491 - Direct internet connection detected
2026-04-07 01:04:11,809 [INFO] WebApp:225 - Starting web application
2026-04-07 01:04:11,809 [INFO] WebApp:593 - Web application path used C:\ST\STM32CubeIDE_1.19.0\STM32CubeIDE\plugins\com.st.stm32cube.common.mx_6.15.0.202507011659\db\plugins\mcufinder\reactClient1\index.html
2026-04-07 01:04:12,002 [ERROR] LogOutputStream:75 - [STDERR_REDIRECT] [Fatal Error] :1:1: Premature end of file.
2026-04-07 01:04:12,002 [ERROR] LogOutputStream:75 - [STDERR_REDIRECT] 
2026-04-07 01:04:12,114 [INFO] WebApp:191 - Connection restablished
2026-04-07 01:04:12,999 [ERROR] LogOutputStream:75 - [STDERR_REDIRECT] [Fatal Error] :1:1: Premature end of file.
2026-04-07 01:04:12,999 [ERROR] LogOutputStream:75 - [STDERR_REDIRECT] 
2026-04-07 01:04:13,090 [WARN] PackLoader:240 - Cannot read IP mode file for STMicroelectronics.X-CUBE-AZRTOS-H7.3.5.0
2026-04-07 01:04:13,110 [WARN] PackLoader:240 - Cannot read IP mode file for STMicroelectronics.FP-SNS-MOTENVWB1.1.4.0
2026-04-07 01:04:13,121 [WARN] PackLoader:240 - Cannot read IP mode file for STMicroelectronics.FP-ATR-ASTRA1.2.0.2
2026-04-07 01:04:13,136 [WARN] PackLoader:240 - Cannot read IP mode file for STMicroelectronics.X-CUBE-SMBUS.2.1.0
2026-04-07 01:04:13,167 [WARN] PackLoader:240 - Cannot read IP mode file for STMicroelectronics.X-CUBE-AZRTOS-F7.1.1.0
2026-04-07 01:04:13,180 [WARN] PackLoader:240 - Cannot read IP mode file for Cesanta.I-CUBE-Mongoose.7.19.0
2026-04-07 01:04:13,188 [WARN] PackLoader:240 - Cannot read IP mode file for STMicroelectronics.FP-SNS-MOTENV1.5.1.0
2026-04-07 01:04:13,203 [WARN] PackLoader:240 - Cannot read IP mode file for WES.I-CUBE-Cesium.1.4.0
2026-04-07 01:04:13,233 [WARN] PackLoader:240 - Cannot read IP mode file for Infineon.AIROC-Wi-Fi-Bluetooth-STM32.1.7.1
2026-04-07 01:04:13,262 [WARN] PackLoader:240 - Cannot read IP mode file for STMicroelectronics.X-CUBE-AZRTOS-H7.3.4.0
2026-04-07 01:04:13,275 [WARN] PackLoader:240 - Cannot read IP mode file for STMicroelectronics.X-CUBE-DISPLAY.3.0.0
2026-04-07 01:04:13,283 [WARN] PackLoader:240 - Cannot read IP mode file for STMicroelectronics.FP-SNS-MOTENVWB1.1.5.0
2026-04-07 01:04:13,292 [WARN] PackLoader:240 - Cannot read IP mode file for STMicroelectronics.X-CUBE-NFC10.1.0.0
2026-04-07 01:04:13,300 [WARN] PackLoader:240 - Cannot read IP mode file for STMicroelectronics.X-CUBE-ST60.1.1.0
2026-04-07 01:04:13,307 [WARN] PackLoader:240 - Cannot read IP mode file for emotas.I-CUBE-CANOPEN.1.3.0
2026-04-07 01:04:13,329 [WARN] PackLoader:240 - Cannot read IP mode file for STMicroelectronics.X-CUBE-GNSS1.7.1.0
2026-04-07 01:04:13,342 [WARN] PackLoader:240 - Cannot read IP mode file for STMicroelectronics.FP-SNS-STBOX1.2.1.0
2026-04-07 01:04:13,352 [WARN] PackLoader:240 - Cannot read IP mode file for STMicroelectronics.FP-SNS-SMARTAG2.1.2.0
2026-04-07 01:04:13,359 [WARN] PackLoader:240 - Cannot read IP mode file for STMicroelectronics.FP-SNS-FLIGHT1.5.1.0
2026-04-07 01:04:13,372 [INFO] LogOutputStream:77 - [STDOUT_REDIRECT] 1 : Invalid condition id : UX_CORESTACK_Condition cause : null
2026-04-07 01:04:13,373 [INFO] LogOutputStream:77 - [STDOUT_REDIRECT] 1 : Invalid condition id : UX_CORESTACK_Condition cause : null
2026-04-07 01:04:13,374 [INFO] LogOutputStream:77 - [STDOUT_REDIRECT] 1 : Invalid condition id : UX_CORESTACK_Condition cause : null
2026-04-07 01:04:13,375 [INFO] LogOutputStream:77 - [STDOUT_REDIRECT] 1 : Invalid condition id : UX_CORESTACK_Condition cause : null
2026-04-07 01:04:13,376 [INFO] LogOutputStream:77 - [STDOUT_REDIRECT] 1 : Invalid condition id : UX_CORESTACK_Condition cause : null
2026-04-07 01:04:13,380 [WARN] PackLoader:240 - Cannot read IP mode file for STMicroelectronics.X-CUBE-AZRTOS-WL.2.0.0
2026-04-07 01:04:13,386 [WARN] PackLoader:240 - Cannot read IP mode file for STMicroelectronics.FP-SNS-MOTENV1.5.0.0
2026-04-07 01:04:13,403 [WARN] PackLoader:240 - Cannot read IP mode file for STMicroelectronics.X-CUBE-AZRTOS-H7RS.1.2.0
2026-04-07 01:04:13,412 [WARN] PackLoader:240 - Cannot read IP mode file for STMicroelectronics.X-CUBE-BLE2.3.3.0
2026-04-07 01:04:13,472 [WARN] PackLoader:240 - Cannot read IP mode file for STMicroelectronics.X-CUBE-NFC9.1.0.0
2026-04-07 01:04:13,481 [WARN] PackLoader:240 - Cannot read IP mode file for wolfSSL.I-CUBE-wolfSSL.5.8.2
2026-04-07 01:04:13,487 [WARN] PackLoader:240 - Cannot read IP mode file for STMicroelectronics.X-CUBE-BLE1.7.1.0
2026-04-07 01:04:13,494 [WARN] PackLoader:240 - Cannot read IP mode file for wolfSSL.I-CUBE-wolfMQTT.1.19.2
2026-04-07 01:04:13,502 [WARN] PackLoader:240 - Cannot read IP mode file for STMicroelectronics.X-CUBE-FREERTOS.1.4.0
2026-04-07 01:04:13,512 [WARN] PackLoader:240 - Cannot read IP mode file for STMicroelectronics.X-CUBE-EEPRMA1.5.2.0
2026-04-07 01:04:13,527 [WARN] PackLoader:240 - Cannot read IP mode file for STMicroelectronics.X-CUBE-ST67W61.1.1.0
2026-04-07 01:04:13,595 [WARN] PackLoader:240 - Cannot read IP mode file for STMicroelectronics.X-CUBE-MEMS1.12.0.0
2026-04-07 01:04:13,738 [WARN] PackLoader:240 - Cannot read IP mode file for STMicroelectronics.X-CUBE-AZRTOS-G0.1.1.0
2026-04-07 01:04:13,756 [WARN] PackLoader:240 - Cannot read IP mode file for STMicroelectronics.X-CUBE-SAFEA1.1.2.2
2026-04-07 01:04:13,773 [WARN] PackLoader:240 - Cannot read IP mode file for STMicroelectronics.X-CUBE-NFC4.3.0.0
2026-04-07 01:04:13,792 [WARN] PackLoader:240 - Cannot read IP mode file for EmbeddedOffice.I-CUBE-FS-RTOS.1.0.1
2026-04-07 01:04:13,844 [WARN] PackLoader:240 - Cannot read IP mode file for STMicroelectronics.X-CUBE-WB05N.2.0.0
2026-04-07 01:04:13,860 [WARN] PackLoader:240 - Cannot read IP mode file for wolfSSL.I-CUBE-wolfTPM.3.8.0
2026-04-07 01:04:13,874 [WARN] PackLoader:240 - Cannot read IP mode file for STMicroelectronics.X-CUBE-TCPP.4.2.0
2026-04-07 01:04:13,887 [WARN] PackLoader:240 - Cannot read IP mode file for RealThread.X-CUBE-RT-Thread_Nano.4.1.1
2026-04-07 01:04:13,897 [WARN] PackLoader:240 - Cannot read IP mode file for STMicroelectronics.FP-ATR-SIGFOX1.3.2.0
2026-04-07 01:04:13,905 [WARN] PackLoader:240 - Cannot read IP mode file for STMicroelectronics.X-CUBE-FREERTOS.1.5.0
2026-04-07 01:04:13,915 [WARN] PackLoader:240 - Cannot read IP mode file for ITTIA_DB.I-CUBE-ITTIADB.8.9.0
2026-04-07 01:04:13,928 [WARN] PackLoader:240 - Cannot read IP mode file for STMicroelectronics.X-CUBE-NFC6.3.2.0
2026-04-07 01:04:13,942 [WARN] PackLoader:240 - Cannot read IP mode file for STMicroelectronics.X-CUBE-AI.10.2.0
2026-04-07 01:04:13,987 [WARN] PackLoader:240 - Cannot read IP mode file for SEGGER.I-CUBE-embOS.1.3.1
2026-04-07 01:04:14,016 [ERROR] LogOutputStream:75 - [STDERR_REDIRECT] [Fatal Error] :1:1: Premature end of file.
2026-04-07 01:04:14,017 [ERROR] LogOutputStream:75 - [STDERR_REDIRECT] 
2026-04-07 01:04:14,033 [WARN] PackLoader:240 - Cannot read IP mode file for STMicroelectronics.X-CUBE-ALGOBUILD.1.4.0
2026-04-07 01:04:14,076 [WARN] PackLoader:240 - Cannot read IP mode file for STMicroelectronics.X-CUBE-MEMS1.11.3.0
2026-04-07 01:04:14,209 [WARN] PackLoader:240 - Cannot read IP mode file for STMicroelectronics.X-CUBE-PM33A1.1.0.0
2026-04-07 01:04:14,227 [WARN] PackLoader:240 - Cannot read IP mode file for STMicroelectronics.X-CUBE-AZRTOS-F4.1.1.0
2026-04-07 01:04:14,237 [WARN] PackLoader:240 - Cannot read IP mode file for STMicroelectronics.X-CUBE-ISPU.2.1.0
2026-04-07 01:04:14,255 [WARN] PackLoader:240 - Cannot read IP mode file for STMicroelectronics.X-CUBE-IPS.3.2.0
2026-04-07 01:04:14,266 [WARN] PackLoader:240 - Cannot read IP mode file for STMicroelectronics.X-CUBE-NFC12.1.0.0
2026-04-07 01:04:14,283 [WARN] PackLoader:240 - Cannot read IP mode file for STMicroelectronics.X-CUBE-AZRTOS-L5.2.0.0
2026-04-07 01:04:14,294 [WARN] PackLoader:240 - Cannot read IP mode file for STMicroelectronics.X-CUBE-NFC6.3.1.0
2026-04-07 01:04:14,302 [WARN] PackLoader:240 - Cannot read IP mode file for STMicroelectronics.X-CUBE-FREERTOS.1.3.1
2026-04-07 01:04:14,309 [WARN] PackLoader:240 - Cannot read IP mode file for STMicroelectronics.X-CUBE-TOUCHGFX.4.26.0
2026-04-07 01:04:14,315 [WARN] PackLoader:240 - Cannot read IP mode file for STMicroelectronics.X-CUBE-TOUCHGFX.4.26.1
2026-04-07 01:04:14,322 [WARN] PackLoader:240 - Cannot read IP mode file for STMicroelectronics.FP-SNS-STAIOTCFT.1.0.0
2026-04-07 01:04:14,329 [WARN] PackLoader:240 - Cannot read IP mode file for STMicroelectronics.X-CUBE-DPower.1.3.0
2026-04-07 01:04:14,344 [WARN] ConditionMgr:438 - getConditionDescription Invalid condition id : LAN8742 Phy interface Condition cause : null
2026-04-07 01:04:14,345 [WARN] PackLoader:240 - Cannot read IP mode file for STMicroelectronics.X-CUBE-AZRTOS-L4.2.0.0
2026-04-07 01:04:14,346 [WARN] ConditionMgr:1044 - genDependencies : Invalid condition id : LAN8742 Phy interface Condition cause : null
2026-04-07 01:04:14,346 [WARN] ConditionMgr:1044 - genDependencies : Invalid condition id : LAN8742 Phy interface Condition cause : null
2026-04-07 01:04:14,347 [WARN] ConditionMgr:1044 - genDependencies : Invalid condition id : LAN8742 Phy interface Condition cause : null
2026-04-07 01:04:14,365 [WARN] PackLoader:240 - Cannot read IP mode file for STMicroelectronics.X-CUBE-SFXS2LP1.4.0.0
2026-04-07 01:04:14,371 [WARN] PackLoader:240 - Cannot read IP mode file for STMicroelectronics.X-CUBE-ST67W61.1.2.0
2026-04-07 01:04:14,383 [WARN] PackLoader:240 - Cannot read IP mode file for STMicroelectronics.X-CUBE-BLEMGR.4.1.0
2026-04-07 01:04:14,396 [WARN] ConditionMgr:438 - getConditionDescription Invalid condition id : UX DEVICE CLASS RTOS Condition cause : null
2026-04-07 01:04:14,396 [WARN] ConditionMgr:438 - getConditionDescription Invalid condition id : UX DEVICE CLASS RTOS Condition cause : null
2026-04-07 01:04:14,398 [WARN] PackLoader:240 - Cannot read IP mode file for STMicroelectronics.X-CUBE-AZRTOS-WB.2.0.0
2026-04-07 01:04:14,398 [WARN] ConditionMgr:1044 - genDependencies : Invalid condition id : UX DEVICE CLASS RTOS Condition cause : null
2026-04-07 01:04:14,399 [WARN] ConditionMgr:1044 - genDependencies : Invalid condition id : UX DEVICE CLASS RTOS Condition cause : null
2026-04-07 01:04:14,399 [WARN] ConditionMgr:1044 - genDependencies : Invalid condition id : UX DEVICE CLASS RTOS Condition cause : null
2026-04-07 01:04:14,399 [WARN] ConditionMgr:1044 - genDependencies : Invalid condition id : UX DEVICE CLASS RTOS Condition cause : null
2026-04-07 01:04:14,399 [WARN] ConditionMgr:1044 - genDependencies : Invalid condition id : UX DEVICE CLASS RTOS Condition cause : null
2026-04-07 01:04:14,405 [WARN] PackLoader:240 - Cannot read IP mode file for STMicroelectronics.X-CUBE-GNSS1.7.0.1
2026-04-07 01:04:14,411 [WARN] ConditionMgr:438 - getConditionDescription Invalid condition id : Cortex-A Device cause : null
2026-04-07 01:04:14,429 [WARN] ConditionMgr:1044 - genDependencies : Invalid condition id : Cortex-A Device cause : null
2026-04-07 01:04:14,430 [WARN] ConditionMgr:1044 - genDependencies : Invalid condition id : Cortex-A Device cause : null
2026-04-07 01:04:14,430 [WARN] ConditionMgr:1044 - genDependencies : Invalid condition id : Cortex-A Device cause : null
2026-04-07 01:04:14,440 [WARN] PackLoader:240 - Cannot read IP mode file for STMicroelectronics.X-CUBE-STSE01.2.0.0
2026-04-07 01:04:14,450 [WARN] PackLoader:240 - Cannot read IP mode file for STMicroelectronics.X-CUBE-SUBG2.5.0.0
2026-04-07 01:04:14,468 [WARN] PackLoader:240 - Cannot read IP mode file for STMicroelectronics.X-CUBE-AZRTOS-H7RS.1.1.0
2026-04-07 01:04:14,482 [WARN] PackLoader:240 - Cannot read IP mode file for STMicroelectronics.X-CUBE-AZRTOS-G4.2.0.0
2026-04-07 01:04:14,490 [WARN] PackLoader:240 - Cannot read IP mode file for wolfSSL.I-CUBE-wolfSSH.1.4.20
2026-04-07 01:04:14,497 [WARN] PackLoader:240 - Cannot read IP mode file for STMicroelectronics.X-CUBE-NFC7.2.0.0
2026-04-07 01:04:14,504 [WARN] PackLoader:240 - Cannot read IP mode file for STMicroelectronics.X-CUBE-ALS.1.0.2
2026-04-07 01:04:14,510 [WARN] PackLoader:240 - Cannot read IP mode file for STMicroelectronics.X-CUBE-STSE01.1.0.0
2026-04-07 01:04:14,520 [WARN] PackLoader:240 - Cannot read IP mode file for STMicroelectronics.X-CUBE-TOF1.3.4.3
2026-04-07 01:04:14,530 [INFO] ThirdParty:978 - Integrity check success = true
2026-04-07 01:04:14,530 [INFO] IntegrityCheckThread:100 - exiting critical section [integrity check]
2026-04-07 01:04:14,530 [INFO] IntegrityCheckThread:103 - End integrity checks thread
2026-04-07 01:04:14,985 [ERROR] LogOutputStream:75 - [STDERR_REDIRECT] [Fatal Error] :1:1: Premature end of file.
2026-04-07 01:04:14,985 [ERROR] LogOutputStream:75 - [STDERR_REDIRECT] 
2026-04-07 01:04:15,973 [ERROR] LogOutputStream:75 - [STDERR_REDIRECT] [Fatal Error] :1:1: Premature end of file.
2026-04-07 01:04:15,973 [ERROR] LogOutputStream:75 - [STDERR_REDIRECT] 
2026-04-07 01:04:16,983 [ERROR] LogOutputStream:75 - [STDERR_REDIRECT] [Fatal Error] :1:1: Premature end of file.
2026-04-07 01:04:16,983 [ERROR] LogOutputStream:75 - [STDERR_REDIRECT] 
2026-04-07 01:04:17,977 [ERROR] LogOutputStream:75 - [STDERR_REDIRECT] [Fatal Error] :1:1: Premature end of file.
2026-04-07 01:04:17,978 [ERROR] LogOutputStream:75 - [STDERR_REDIRECT] 
2026-04-07 01:04:18,976 [ERROR] LogOutputStream:75 - [STDERR_REDIRECT] [Fatal Error] :1:1: Premature end of file.
2026-04-07 01:04:18,976 [ERROR] LogOutputStream:75 - [STDERR_REDIRECT] 
2026-04-07 01:04:19,975 [ERROR] LogOutputStream:75 - [STDERR_REDIRECT] [Fatal Error] :1:1: Premature end of file.
2026-04-07 01:04:19,975 [ERROR] LogOutputStream:75 - [STDERR_REDIRECT] 
2026-04-07 01:04:20,975 [ERROR] LogOutputStream:75 - [STDERR_REDIRECT] [Fatal Error] :1:1: Premature end of file.
2026-04-07 01:04:20,975 [ERROR] LogOutputStream:75 - [STDERR_REDIRECT] 
2026-04-07 01:04:21,972 [ERROR] LogOutputStream:75 - [STDERR_REDIRECT] [Fatal Error] :1:1: Premature end of file.
2026-04-07 01:04:21,972 [ERROR] LogOutputStream:75 - [STDERR_REDIRECT] 
2026-04-07 01:04:22,974 [ERROR] LogOutputStream:75 - [STDERR_REDIRECT] [Fatal Error] :1:1: Premature end of file.
2026-04-07 01:04:22,975 [ERROR] LogOutputStream:75 - [STDERR_REDIRECT] 
2026-04-07 01:04:23,979 [ERROR] LogOutputStream:75 - [STDERR_REDIRECT] [Fatal Error] :1:1: Premature end of file.
2026-04-07 01:04:23,980 [ERROR] LogOutputStream:75 - [STDERR_REDIRECT] 
2026-04-07 01:04:24,979 [ERROR] LogOutputStream:75 - [STDERR_REDIRECT] [Fatal Error] :1:1: Premature end of file.
2026-04-07 01:04:24,979 [ERROR] LogOutputStream:75 - [STDERR_REDIRECT] 
2026-04-07 01:04:25,973 [ERROR] LogOutputStream:75 - [STDERR_REDIRECT] [Fatal Error] :1:1: Premature end of file.
2026-04-07 01:04:25,973 [ERROR] LogOutputStream:75 - [STDERR_REDIRECT] 
2026-04-07 01:04:26,973 [ERROR] LogOutputStream:75 - [STDERR_REDIRECT] [Fatal Error] :1:1: Premature end of file.
2026-04-07 01:04:26,974 [ERROR] LogOutputStream:75 - [STDERR_REDIRECT] 
2026-04-07 01:04:27,973 [ERROR] LogOutputStream:75 - [STDERR_REDIRECT] [Fatal Error] :1:1: Premature end of file.
2026-04-07 01:04:27,973 [ERROR] LogOutputStream:75 - [STDERR_REDIRECT] 
2026-04-07 01:04:28,971 [ERROR] LogOutputStream:75 - [STDERR_REDIRECT] [Fatal Error] :1:1: Premature end of file.
2026-04-07 01:04:28,972 [ERROR] LogOutputStream:75 - [STDERR_REDIRECT] 
2026-04-07 01:04:29,972 [ERROR] LogOutputStream:75 - [STDERR_REDIRECT] [Fatal Error] :1:1: Premature end of file.
2026-04-07 01:04:29,972 [ERROR] LogOutputStream:75 - [STDERR_REDIRECT] 
2026-04-07 01:04:30,973 [ERROR] LogOutputStream:75 - [STDERR_REDIRECT] [Fatal Error] :1:1: Premature end of file.
2026-04-07 01:04:30,973 [ERROR] LogOutputStream:75 - [STDERR_REDIRECT] 
2026-04-07 01:04:31,972 [ERROR] LogOutputStream:75 - [STDERR_REDIRECT] [Fatal Error] :1:1: Premature end of file.
2026-04-07 01:04:31,972 [ERROR] LogOutputStream:75 - [STDERR_REDIRECT] 
2026-04-07 01:04:32,975 [ERROR] LogOutputStream:75 - [STDERR_REDIRECT] [Fatal Error] :1:1: Premature end of file.
2026-04-07 01:04:32,976 [ERROR] LogOutputStream:75 - [STDERR_REDIRECT] 
2026-04-07 01:04:33,972 [ERROR] LogOutputStream:75 - [STDERR_REDIRECT] [Fatal Error] :1:1: Premature end of file.
2026-04-07 01:04:33,972 [ERROR] LogOutputStream:75 - [STDERR_REDIRECT] 
2026-04-07 01:04:34,971 [ERROR] LogOutputStream:75 - [STDERR_REDIRECT] [Fatal Error] :1:1: Premature end of file.
2026-04-07 01:04:34,971 [ERROR] LogOutputStream:75 - [STDERR_REDIRECT] 
2026-04-07 01:04:35,971 [ERROR] LogOutputStream:75 - [STDERR_REDIRECT] [Fatal Error] :1:1: Premature end of file.
2026-04-07 01:04:35,972 [ERROR] LogOutputStream:75 - [STDERR_REDIRECT] 
2026-04-07 01:04:36,978 [ERROR] LogOutputStream:75 - [STDERR_REDIRECT] [Fatal Error] :1:1: Premature end of file.
2026-04-07 01:04:36,979 [ERROR] LogOutputStream:75 - [STDERR_REDIRECT] 
2026-04-07 01:04:37,974 [ERROR] LogOutputStream:75 - [STDERR_REDIRECT] [Fatal Error] :1:1: Premature end of file.
2026-04-07 01:04:37,974 [ERROR] LogOutputStream:75 - [STDERR_REDIRECT] 
2026-04-07 01:04:38,974 [ERROR] LogOutputStream:75 - [STDERR_REDIRECT] [Fatal Error] :1:1: Premature end of file.
2026-04-07 01:04:38,974 [ERROR] LogOutputStream:75 - [STDERR_REDIRECT] 
2026-04-07 01:04:39,992 [ERROR] LogOutputStream:75 - [STDERR_REDIRECT] [Fatal Error] :1:1: Premature end of file.
2026-04-07 01:04:39,994 [ERROR] LogOutputStream:75 - [STDERR_REDIRECT] 
2026-04-07 01:04:40,980 [ERROR] LogOutputStream:75 - [STDERR_REDIRECT] [Fatal Error] :1:1: Premature end of file.
2026-04-07 01:04:40,980 [ERROR] LogOutputStream:75 - [STDERR_REDIRECT] 
2026-04-07 01:04:41,983 [ERROR] LogOutputStream:75 - [STDERR_REDIRECT] [Fatal Error] :1:1: Premature end of file.
2026-04-07 01:04:41,983 [ERROR] LogOutputStream:75 - [STDERR_REDIRECT] 
2026-04-07 01:04:42,985 [ERROR] LogOutputStream:75 - [STDERR_REDIRECT] [Fatal Error] :1:1: Premature end of file.
2026-04-07 01:04:42,986 [ERROR] LogOutputStream:75 - [STDERR_REDIRECT] 
2026-04-07 01:04:43,707 [ERROR] LogOutputStream:75 - [STDERR_REDIRECT] 
2026-04-07 01:04:43,707 [ERROR] LogOutputStream:75 - [STDERR_REDIRECT] 
